<?xml version="1.0" encoding="UTF-8"?>
<!-- Generated by org.testng.reporters.JUnitXMLReporter -->
<testsuite ignored="0" hostname="MY-SPECTRE" failures="0" tests="7" name="Free CRM App Regression Test" time="40.898" errors="0" timestamp="2022-02-02T13:24:38 NST">
  <testcase classname="com.crm.qa.testcases.LoginPageTest" name="loginPageTitleTest" time="0.011"/>
  <testcase classname="com.crm.qa.testcases.LoginPageTest" name="validateSubscriptButtonTest" time="1.124"/>
  <testcase classname="com.crm.qa.testcases.LoginPageTest" name="loginTest" time="1.793"/>
  <testcase classname="com.crm.qa.testcases.HomePageTest" name="verifyHomePageTitleTest" time="0.01"/>
  <testcase classname="com.crm.qa.testcases.HomePageTest" name="verifyNameLabelTest" time="0.937"/>
  <testcase classname="com.crm.qa.testcases.HomePageTest" name="verifyContactsLinkTest" time="0.909"/>
  <testcase classname="com.crm.qa.testcases.ContactsPageTest" name="clickOnCreateNewContactTest" time="0.0">
    <skipped/>
  </testcase> <!-- clickOnCreateNewContactTest -->
</testsuite> <!-- Free CRM App Regression Test -->
