<?xml version="1.0" encoding="UTF-8"?>
<!-- Generated by org.testng.reporters.JUnitXMLReporter -->
<testsuite ignored="0" hostname="MY-SPECTRE" failures="0" tests="9" name="Free CRM App Test" time="76.292" errors="0" timestamp="27 Jan 2022 15:29:47 GMT">
  <testcase classname="com.crm.qa.testcases.LoginPageTest" name="loginPageTitleTest" time="0.018"/>
  <testcase classname="com.crm.qa.testcases.HomePageTest" name="verifyHomePageTitleTest" time="0.012"/>
  <testcase classname="com.crm.qa.testcases.ContactsPageTest" name="validateContactsPageLabelTest" time="0.077"/>
  <testcase classname="com.crm.qa.testcases.LoginPageTest" name="validateSubscriptButtonTest" time="1.304"/>
  <testcase classname="com.crm.qa.testcases.HomePageTest" name="verifyNameLabelTest" time="0.723"/>
  <testcase classname="com.crm.qa.testcases.ContactsPageTest" name="validateNameLabelTest" time="0.064"/>
  <testcase classname="com.crm.qa.testcases.LoginPageTest" name="loginTest" time="2.023"/>
  <testcase classname="com.crm.qa.testcases.HomePageTest" name="verifyContactsLinkTest" time="0.957"/>
  <testcase classname="com.crm.qa.testcases.ContactsPageTest" name="selectContactsByNameTest" time="0.741"/>
</testsuite> <!-- Free CRM App Test -->
